TN:
SF:src\controllers\auth.controller.ts
FN:9,(anonymous_1)
FN:78,(anonymous_2)
FN:85,(anonymous_3)
FN:133,(anonymous_4)
FNF:4
FNH:4
FNDA:6,(anonymous_1)
FNDA:1,(anonymous_2)
FNDA:3,(anonymous_3)
FNDA:6,(anonymous_4)
DA:2,2
DA:3,2
DA:4,2
DA:5,2
DA:6,2
DA:7,2
DA:9,2
DA:10,6
DA:11,6
DA:13,6
DA:14,2
DA:19,4
DA:24,4
DA:25,1
DA:30,3
DA:31,1
DA:37,2
DA:38,2
DA:39,1
DA:45,1
DA:55,1
DA:70,0
DA:71,0
DA:78,2
DA:79,1
DA:85,2
DA:86,3
DA:87,3
DA:89,3
DA:90,1
DA:96,2
DA:99,2
DA:100,1
DA:106,1
DA:107,1
DA:109,1
DA:118,1
DA:125,0
DA:126,0
DA:133,2
DA:134,6
DA:135,6
DA:137,6
DA:138,1
DA:144,5
DA:145,1
DA:151,4
DA:152,1
DA:158,3
DA:162,3
DA:163,0
DA:169,3
DA:170,1
DA:176,2
DA:177,1
DA:183,1
DA:185,1
DA:195,1
DA:200,0
DA:201,0
LF:60
LH:53
BRDA:13,0,0,2
BRDA:13,0,1,4
BRDA:13,1,0,6
BRDA:13,1,1,5
BRDA:24,2,0,1
BRDA:24,2,1,3
BRDA:30,3,0,1
BRDA:30,3,1,2
BRDA:38,4,0,1
BRDA:38,4,1,1
BRDA:52,5,0,1
BRDA:52,5,1,0
BRDA:89,6,0,1
BRDA:89,6,1,2
BRDA:99,7,0,1
BRDA:99,7,1,1
BRDA:137,8,0,1
BRDA:137,8,1,5
BRDA:137,9,0,6
BRDA:137,9,1,6
BRDA:137,9,2,5
BRDA:137,9,3,5
BRDA:144,10,0,1
BRDA:144,10,1,4
BRDA:151,11,0,1
BRDA:151,11,1,3
BRDA:162,12,0,0
BRDA:162,12,1,3
BRDA:162,13,0,3
BRDA:162,13,1,3
BRDA:169,14,0,1
BRDA:169,14,1,2
BRDA:176,15,0,1
BRDA:176,15,1,1
BRF:34
BRH:32
end_of_record
TN:
SF:src\controllers\penangkaran.controller.ts
FN:7,(anonymous_0)
FN:35,(anonymous_1)
FN:75,(anonymous_2)
FN:142,(anonymous_3)
FN:226,(anonymous_4)
FNF:5
FNH:5
FNDA:3,(anonymous_0)
FNDA:2,(anonymous_1)
FNDA:3,(anonymous_2)
FNDA:3,(anonymous_3)
FNDA:3,(anonymous_4)
DA:2,2
DA:3,2
DA:4,2
DA:7,2
DA:8,3
DA:9,3
DA:21,3
DA:27,0
DA:28,0
DA:35,2
DA:36,2
DA:37,2
DA:39,2
DA:54,2
DA:55,1
DA:61,1
DA:67,0
DA:68,0
DA:75,2
DA:76,3
DA:92,3
DA:94,3
DA:95,1
DA:102,2
DA:104,2
DA:126,2
DA:135,0
DA:136,0
DA:142,2
DA:143,3
DA:144,3
DA:146,3
DA:150,3
DA:151,1
DA:156,2
DA:160,1
DA:181,1
DA:183,1
DA:185,1
DA:209,1
DA:218,0
DA:219,0
DA:226,2
DA:227,3
DA:228,3
DA:230,3
DA:234,3
DA:235,1
DA:241,2
DA:245,1
DA:251,1
DA:255,1
DA:260,0
DA:261,0
LF:54
LH:44
BRDA:54,0,0,1
BRDA:54,0,1,1
BRDA:94,1,0,1
BRDA:94,1,1,2
BRDA:102,2,0,1
BRDA:102,2,1,1
BRDA:110,3,0,2
BRDA:110,3,1,0
BRDA:112,4,0,2
BRDA:112,4,1,0
BRDA:115,5,0,2
BRDA:115,5,1,0
BRDA:116,6,0,2
BRDA:116,6,1,0
BRDA:120,7,0,0
BRDA:120,7,1,2
BRDA:129,8,0,1
BRDA:129,8,1,1
BRDA:150,9,0,1
BRDA:150,9,1,2
BRDA:156,10,0,1
BRDA:156,10,1,1
BRDA:157,11,0,2
BRDA:157,11,1,1
BRDA:183,12,0,1
BRDA:183,12,1,0
BRDA:191,13,0,1
BRDA:191,13,1,0
BRDA:193,14,0,1
BRDA:193,14,1,0
BRDA:196,15,0,1
BRDA:196,15,1,0
BRDA:197,16,0,1
BRDA:197,16,1,0
BRDA:201,17,0,0
BRDA:201,17,1,1
BRDA:212,18,0,0
BRDA:212,18,1,1
BRDA:234,19,0,1
BRDA:234,19,1,2
BRDA:241,20,0,1
BRDA:241,20,1,1
BRDA:242,21,0,2
BRDA:242,21,1,1
BRF:44
BRH:32
end_of_record
TN:
SF:src\middlewares\auth.middleware.ts
FN:13,(anonymous_1)
FN:53,(anonymous_2)
FN:54,(anonymous_3)
FNF:3
FNH:3
FNDA:23,(anonymous_1)
FNDA:6,(anonymous_2)
FNDA:12,(anonymous_3)
DA:2,2
DA:13,2
DA:18,23
DA:20,23
DA:21,4
DA:27,19
DA:29,19
DA:30,19
DA:31,19
DA:38,18
DA:39,18
DA:42,1
DA:46,1
DA:53,2
DA:54,6
DA:55,12
DA:56,0
DA:62,12
DA:63,3
DA:69,9
LF:20
LH:19
BRDA:20,0,0,4
BRDA:20,0,1,19
BRDA:30,1,0,19
BRDA:30,1,1,0
BRDA:42,2,0,0
BRDA:42,2,1,1
BRDA:55,3,0,0
BRDA:55,3,1,12
BRDA:62,4,0,3
BRDA:62,4,1,9
BRF:10
BRH:7
end_of_record
TN:
SF:src\routes\auth.routes.ts
FNF:0
FNH:0
DA:1,2
DA:2,2
DA:8,2
DA:10,2
DA:12,2
DA:13,2
DA:14,2
DA:15,2
DA:17,2
LF:9
LH:9
BRF:0
BRH:0
end_of_record
TN:
SF:src\routes\penangkaran.routes.ts
FNF:0
FNH:0
DA:1,2
DA:2,2
DA:9,2
DA:14,2
DA:16,2
DA:18,2
DA:19,2
DA:21,2
DA:22,2
DA:23,2
DA:25,2
LF:11
LH:11
BRF:0
BRH:0
end_of_record
