TN:
SF:src\controllers\auth.controller.ts
FN:9,(anonymous_1)
FN:78,(anonymous_2)
FN:85,(anonymous_3)
FN:133,(anonymous_4)
FNF:4
FNH:4
FNDA:6,(anonymous_1)
FNDA:1,(anonymous_2)
FNDA:3,(anonymous_3)
FNDA:6,(anonymous_4)
DA:2,1
DA:3,1
DA:4,1
DA:5,1
DA:6,1
DA:7,1
DA:9,1
DA:10,6
DA:11,6
DA:13,6
DA:14,2
DA:19,4
DA:24,4
DA:25,1
DA:30,3
DA:31,1
DA:37,2
DA:38,2
DA:39,1
DA:45,1
DA:55,1
DA:70,0
DA:71,0
DA:78,1
DA:79,1
DA:85,1
DA:86,3
DA:87,3
DA:89,3
DA:90,1
DA:96,2
DA:99,2
DA:100,1
DA:106,1
DA:107,1
DA:109,1
DA:118,1
DA:125,0
DA:126,0
DA:133,1
DA:134,6
DA:135,6
DA:137,6
DA:138,1
DA:144,5
DA:145,1
DA:151,4
DA:152,1
DA:158,3
DA:162,3
DA:163,0
DA:169,3
DA:170,1
DA:176,2
DA:177,1
DA:183,1
DA:185,1
DA:195,1
DA:200,0
DA:201,0
LF:60
LH:53
BRDA:13,0,0,2
BRDA:13,0,1,4
BRDA:13,1,0,6
BRDA:13,1,1,5
BRDA:24,2,0,1
BRDA:24,2,1,3
BRDA:30,3,0,1
BRDA:30,3,1,2
BRDA:38,4,0,1
BRDA:38,4,1,1
BRDA:52,5,0,1
BRDA:52,5,1,0
BRDA:89,6,0,1
BRDA:89,6,1,2
BRDA:99,7,0,1
BRDA:99,7,1,1
BRDA:137,8,0,1
BRDA:137,8,1,5
BRDA:137,9,0,6
BRDA:137,9,1,6
BRDA:137,9,2,5
BRDA:137,9,3,5
BRDA:144,10,0,1
BRDA:144,10,1,4
BRDA:151,11,0,1
BRDA:151,11,1,3
BRDA:162,12,0,0
BRDA:162,12,1,3
BRDA:162,13,0,3
BRDA:162,13,1,3
BRDA:169,14,0,1
BRDA:169,14,1,2
BRDA:176,15,0,1
BRDA:176,15,1,1
BRF:34
BRH:32
end_of_record
TN:
SF:src\middlewares\auth.middleware.ts
FN:13,(anonymous_1)
FN:53,(anonymous_2)
FN:54,(anonymous_3)
FNF:3
FNH:1
FNDA:3,(anonymous_1)
FNDA:0,(anonymous_2)
FNDA:0,(anonymous_3)
DA:2,1
DA:13,1
DA:18,3
DA:20,3
DA:21,1
DA:27,2
DA:29,2
DA:30,2
DA:31,2
DA:38,1
DA:39,1
DA:42,1
DA:46,1
DA:53,1
DA:54,0
DA:55,0
DA:56,0
DA:62,0
DA:63,0
DA:69,0
LF:20
LH:14
BRDA:20,0,0,1
BRDA:20,0,1,2
BRDA:30,1,0,2
BRDA:30,1,1,0
BRDA:42,2,0,0
BRDA:42,2,1,1
BRDA:55,3,0,0
BRDA:55,3,1,0
BRDA:62,4,0,0
BRDA:62,4,1,0
BRF:10
BRH:4
end_of_record
TN:
SF:src\routes\auth.routes.ts
FNF:0
FNH:0
DA:1,1
DA:2,1
DA:8,1
DA:10,1
DA:12,1
DA:13,1
DA:14,1
DA:15,1
DA:17,1
LF:9
LH:9
BRF:0
BRH:0
end_of_record
